/usr/lib/python2.7/site-packages/matplotlib/ticker.py:1852: UserWarning: Steps argument should be a sequence of numbers
increasing from 1 to 10, inclusive. Behavior with
values outside this range is undefined, and will
raise a ValueError in future versions of mpl.
  warnings.warn('Steps argument should be a sequence of numbers\n'
/usr/lib/python2.7/site-packages/iris/fileformats/rules.py:334: UserWarning: Unable to create instance of HybridHeightFactory. The source data contains no field(s) for 'orography'.
  warnings.warn(msg.format(factory=factory_name))
[?1034hheight calculated from potential_temperature cube
/group_workspaces/jasmin2/asci/rhawker/ICED_b933_case/Cooper1986/um/Cooper1986_pc00100005.pp
/group_workspaces/jasmin2/asci/rhawker/ICED_b933_case/Cooper1986/um/Cooper1986_pc00110005.pp
/group_workspaces/jasmin2/asci/rhawker/ICED_b933_case/Cooper1986/um/Cooper1986_pc00120005.pp
/group_workspaces/jasmin2/asci/rhawker/ICED_b933_case/Cooper1986/um/Cooper1986_pc00130005.pp
/group_workspaces/jasmin2/asci/rhawker/ICED_b933_case/Cooper1986/um/Cooper1986_pc00140005.pp
/group_workspaces/jasmin2/asci/rhawker/ICED_b933_case/Cooper1986/um/Cooper1986_pc00150005.pp
/group_workspaces/jasmin2/asci/rhawker/ICED_b933_case/Cooper1986/um/Cooper1986_pc00160005.pp
/group_workspaces/jasmin2/asci/rhawker/ICED_b933_case/Cooper1986/um/Cooper1986_pc00170005.pp
/group_workspaces/jasmin2/asci/rhawker/ICED_b933_case/Cooper1986/um/Cooper1986_pc00180005.pp
/group_workspaces/jasmin2/asci/rhawker/ICED_b933_case/Cooper1986/um/Cooper1986_pc00190005.pp
/group_workspaces/jasmin2/asci/rhawker/ICED_b933_case/Cooper1986/um/Cooper1986_pc00200005.pp
/group_workspaces/jasmin2/asci/rhawker/ICED_b933_case/Cooper1986/um/Cooper1986_pc00210005.pp
/group_workspaces/jasmin2/asci/rhawker/ICED_b933_case/Cooper1986/um/Cooper1986_pc00220005.pp
/group_workspaces/jasmin2/asci/rhawker/ICED_b933_case/Cooper1986/um/Cooper1986_pc00230005.pp
height calculated from potential_temperature cube
/group_workspaces/jasmin2/asci/rhawker/ICED_b933_case/Meyers1992/um/Meyers1992_pc00100005.pp
/group_workspaces/jasmin2/asci/rhawker/ICED_b933_case/Meyers1992/um/Meyers1992_pc00110005.pp
/group_workspaces/jasmin2/asci/rhawker/ICED_b933_case/Meyers1992/um/Meyers1992_pc00120005.pp
/group_workspaces/jasmin2/asci/rhawker/ICED_b933_case/Meyers1992/um/Meyers1992_pc00130005.pp
/group_workspaces/jasmin2/asci/rhawker/ICED_b933_case/Meyers1992/um/Meyers1992_pc00140005.pp
/group_workspaces/jasmin2/asci/rhawker/ICED_b933_case/Meyers1992/um/Meyers1992_pc00150005.pp
/group_workspaces/jasmin2/asci/rhawker/ICED_b933_case/Meyers1992/um/Meyers1992_pc00160005.pp
/group_workspaces/jasmin2/asci/rhawker/ICED_b933_case/Meyers1992/um/Meyers1992_pc00170005.pp
/group_workspaces/jasmin2/asci/rhawker/ICED_b933_case/Meyers1992/um/Meyers1992_pc00180005.pp
/group_workspaces/jasmin2/asci/rhawker/ICED_b933_case/Meyers1992/um/Meyers1992_pc00190005.pp
/group_workspaces/jasmin2/asci/rhawker/ICED_b933_case/Meyers1992/um/Meyers1992_pc00200005.pp
/group_workspaces/jasmin2/asci/rhawker/ICED_b933_case/Meyers1992/um/Meyers1992_pc00210005.pp
/group_workspaces/jasmin2/asci/rhawker/ICED_b933_case/Meyers1992/um/Meyers1992_pc00220005.pp
/group_workspaces/jasmin2/asci/rhawker/ICED_b933_case/Meyers1992/um/Meyers1992_pc00230005.pp
height calculated from potential_temperature cube
/group_workspaces/jasmin2/asci/rhawker/ICED_b933_case/DeMott2010/um/DeMott2010_pc00100005.pp
/group_workspaces/jasmin2/asci/rhawker/ICED_b933_case/DeMott2010/um/DeMott2010_pc00110005.pp
/group_workspaces/jasmin2/asci/rhawker/ICED_b933_case/DeMott2010/um/DeMott2010_pc00120005.pp
/group_workspaces/jasmin2/asci/rhawker/ICED_b933_case/DeMott2010/um/DeMott2010_pc00130005.pp
/group_workspaces/jasmin2/asci/rhawker/ICED_b933_case/DeMott2010/um/DeMott2010_pc00140005.pp
/group_workspaces/jasmin2/asci/rhawker/ICED_b933_case/DeMott2010/um/DeMott2010_pc00150005.pp
/group_workspaces/jasmin2/asci/rhawker/ICED_b933_case/DeMott2010/um/DeMott2010_pc00160005.pp
/group_workspaces/jasmin2/asci/rhawker/ICED_b933_case/DeMott2010/um/DeMott2010_pc00170005.pp
/group_workspaces/jasmin2/asci/rhawker/ICED_b933_case/DeMott2010/um/DeMott2010_pc00180005.pp
/group_workspaces/jasmin2/asci/rhawker/ICED_b933_case/DeMott2010/um/DeMott2010_pc00190005.pp
/group_workspaces/jasmin2/asci/rhawker/ICED_b933_case/DeMott2010/um/DeMott2010_pc00200005.pp
/group_workspaces/jasmin2/asci/rhawker/ICED_b933_case/DeMott2010/um/DeMott2010_pc00210005.pp
/group_workspaces/jasmin2/asci/rhawker/ICED_b933_case/DeMott2010/um/DeMott2010_pc00220005.pp
/group_workspaces/jasmin2/asci/rhawker/ICED_b933_case/DeMott2010/um/DeMott2010_pc00230005.pp
height calculated from potential_temperature cube
/group_workspaces/jasmin2/asci/rhawker/ICED_b933_case/Niemand2012/um/Niemand2012_pc00100005.pp
/group_workspaces/jasmin2/asci/rhawker/ICED_b933_case/Niemand2012/um/Niemand2012_pc00110005.pp
/group_workspaces/jasmin2/asci/rhawker/ICED_b933_case/Niemand2012/um/Niemand2012_pc00120005.pp
/group_workspaces/jasmin2/asci/rhawker/ICED_b933_case/Niemand2012/um/Niemand2012_pc00130005.pp
/group_workspaces/jasmin2/asci/rhawker/ICED_b933_case/Niemand2012/um/Niemand2012_pc00140005.pp
/group_workspaces/jasmin2/asci/rhawker/ICED_b933_case/Niemand2012/um/Niemand2012_pc00150005.pp
/group_workspaces/jasmin2/asci/rhawker/ICED_b933_case/Niemand2012/um/Niemand2012_pc00160005.pp
/group_workspaces/jasmin2/asci/rhawker/ICED_b933_case/Niemand2012/um/Niemand2012_pc00170005.pp
/group_workspaces/jasmin2/asci/rhawker/ICED_b933_case/Niemand2012/um/Niemand2012_pc00180005.pp
/group_workspaces/jasmin2/asci/rhawker/ICED_b933_case/Niemand2012/um/Niemand2012_pc00190005.pp
/group_workspaces/jasmin2/asci/rhawker/ICED_b933_case/Niemand2012/um/Niemand2012_pc00200005.pp
/group_workspaces/jasmin2/asci/rhawker/ICED_b933_case/Niemand2012/um/Niemand2012_pc00210005.pp
/group_workspaces/jasmin2/asci/rhawker/ICED_b933_case/Niemand2012/um/Niemand2012_pc00220005.pp
/group_workspaces/jasmin2/asci/rhawker/ICED_b933_case/Niemand2012/um/Niemand2012_pc00230005.pp
height calculated from potential_temperature cube
/group_workspaces/jasmin2/asci/rhawker/ICED_b933_case/Atkinson2013/um/Atkinson2013_pc00100005.pp
[1;31m---------------------------------------------------------------------------[0m
[1;31mIOError[0m                                   Traceback (most recent call last)
[1;32m/home/users/rhawker/ICED_CASIM_master_scripts/cirrus_and_anvil/check_clouds.py[0m in [0;36m<module>[1;34m()[0m
[0;32m    219[0m [1;32mfor[0m [0mdp[0m [1;32min[0m [0mrange[0m[1;33m([0m[1;36m0[0m[1;33m,[0m[0mlen[0m[1;33m([0m[0mdata_paths[0m[1;33m)[0m[1;33m)[0m[1;33m:[0m[1;33m[0m[0m
[0;32m    220[0m     [0mdata_path[0m [1;33m=[0m [0mdata_paths[0m[1;33m[[0m[0mdp[0m[1;33m][0m[1;33m[0m[0m
[1;32m--> 221[1;33m     [0mcloud_fraction_by_levels[0m[1;33m([0m[0mdata_path[0m[1;33m)[0m[1;33m[0m[0m
[0m
[1;32m/home/users/rhawker/ICED_CASIM_master_scripts/cirrus_and_anvil/check_clouds.py[0m in [0;36mcloud_fraction_by_levels[1;34m(data_path)[0m
[0;32m    213[0m         [0maxh[0m[1;33m.[0m[0mcontourf[0m[1;33m([0m[0mhigh_cloud_WP[0m[1;33m)[0m[1;33m[0m[0m
[0;32m    214[0m         [0maxt[0m[1;33m.[0m[0mcontourf[0m[1;33m([0m[0mtotal_WP[0m[1;33m)[0m[1;33m[0m[0m
[1;32m--> 215[1;33m         [0mplt[0m[1;33m.[0m[0msavefig[0m[1;33m([0m[0mfig_dir[0m[1;33m+[0m[0mdate[0m[1;33m+[0m[1;34m'_'[0m[1;33m+[0m[0mcloud_lim_name[0m[1;33m+[0m[1;34m'_cloud_check_low_mid_high.png'[0m[1;33m)[0m[1;33m[0m[0m
[0m[0;32m    216[0m         [0mplt[0m[1;33m.[0m[0mclose[0m[1;33m([0m[1;33m)[0m[1;33m[0m[0m
[0;32m    217[0m [0mdata_paths[0m [1;33m=[0m [0mrl[0m[1;33m.[0m[0mdata_paths[0m[1;33m[0m[0m

[1;32m/usr/lib/python2.7/site-packages/matplotlib/pyplot.pyc[0m in [0;36msavefig[1;34m(*args, **kwargs)[0m
[0;32m    708[0m [1;32mdef[0m [0msavefig[0m[1;33m([0m[1;33m*[0m[0margs[0m[1;33m,[0m [1;33m**[0m[0mkwargs[0m[1;33m)[0m[1;33m:[0m[1;33m[0m[0m
[0;32m    709[0m     [0mfig[0m [1;33m=[0m [0mgcf[0m[1;33m([0m[1;33m)[0m[1;33m[0m[0m
[1;32m--> 710[1;33m     [0mres[0m [1;33m=[0m [0mfig[0m[1;33m.[0m[0msavefig[0m[1;33m([0m[1;33m*[0m[0margs[0m[1;33m,[0m [1;33m**[0m[0mkwargs[0m[1;33m)[0m[1;33m[0m[0m
[0m[0;32m    711[0m     [0mfig[0m[1;33m.[0m[0mcanvas[0m[1;33m.[0m[0mdraw_idle[0m[1;33m([0m[1;33m)[0m   [1;31m# need this if 'transparent=True' to reset colors[0m[1;33m[0m[0m
[0;32m    712[0m     [1;32mreturn[0m [0mres[0m[1;33m[0m[0m

[1;32m/usr/lib/python2.7/site-packages/matplotlib/figure.pyc[0m in [0;36msavefig[1;34m(self, fname, **kwargs)[0m
[0;32m   2033[0m             [0mself[0m[1;33m.[0m[0mset_frameon[0m[1;33m([0m[0mframeon[0m[1;33m)[0m[1;33m[0m[0m
[0;32m   2034[0m [1;33m[0m[0m
[1;32m-> 2035[1;33m         [0mself[0m[1;33m.[0m[0mcanvas[0m[1;33m.[0m[0mprint_figure[0m[1;33m([0m[0mfname[0m[1;33m,[0m [1;33m**[0m[0mkwargs[0m[1;33m)[0m[1;33m[0m[0m
[0m[0;32m   2036[0m [1;33m[0m[0m
[0;32m   2037[0m         [1;32mif[0m [0mframeon[0m[1;33m:[0m[1;33m[0m[0m

[1;32m/usr/lib/python2.7/site-packages/matplotlib/backends/backend_qt5agg.pyc[0m in [0;36mprint_figure[1;34m(self, *args, **kwargs)[0m
[0;32m     92[0m [1;33m[0m[0m
[0;32m     93[0m     [1;32mdef[0m [0mprint_figure[0m[1;33m([0m[0mself[0m[1;33m,[0m [1;33m*[0m[0margs[0m[1;33m,[0m [1;33m**[0m[0mkwargs[0m[1;33m)[0m[1;33m:[0m[1;33m[0m[0m
[1;32m---> 94[1;33m         [0msuper[0m[1;33m([0m[0mFigureCanvasQTAgg[0m[1;33m,[0m [0mself[0m[1;33m)[0m[1;33m.[0m[0mprint_figure[0m[1;33m([0m[1;33m*[0m[0margs[0m[1;33m,[0m [1;33m**[0m[0mkwargs[0m[1;33m)[0m[1;33m[0m[0m
[0m[0;32m     95[0m         [0mself[0m[1;33m.[0m[0mdraw[0m[1;33m([0m[1;33m)[0m[1;33m[0m[0m
[0;32m     96[0m [1;33m[0m[0m

[1;32m/usr/lib/python2.7/site-packages/matplotlib/backend_bases.pyc[0m in [0;36mprint_figure[1;34m(self, filename, dpi, facecolor, edgecolor, orientation, format, **kwargs)[0m
[0;32m   2261[0m                 [0morientation[0m[1;33m=[0m[0morientation[0m[1;33m,[0m[1;33m[0m[0m
[0;32m   2262[0m                 [0mbbox_inches_restore[0m[1;33m=[0m[0m_bbox_inches_restore[0m[1;33m,[0m[1;33m[0m[0m
[1;32m-> 2263[1;33m                 **kwargs)
[0m[0;32m   2264[0m         [1;32mfinally[0m[1;33m:[0m[1;33m[0m[0m
[0;32m   2265[0m             [1;32mif[0m [0mbbox_inches[0m [1;32mand[0m [0mrestore_bbox[0m[1;33m:[0m[1;33m[0m[0m

[1;32m/usr/lib/python2.7/site-packages/matplotlib/backends/backend_agg.pyc[0m in [0;36mprint_png[1;34m(self, filename_or_obj, *args, **kwargs)[0m
[0;32m    524[0m [1;33m[0m[0m
[0;32m    525[0m         [1;32mtry[0m[1;33m:[0m[1;33m[0m[0m
[1;32m--> 526[1;33m             [1;32mwith[0m [0mcbook[0m[1;33m.[0m[0mopen_file_cm[0m[1;33m([0m[0mfilename_or_obj[0m[1;33m,[0m [1;34m"wb"[0m[1;33m)[0m [1;32mas[0m [0mfh[0m[1;33m:[0m[1;33m[0m[0m
[0m[0;32m    527[0m                 _png.write_png(renderer._renderer, fh,
[0;32m    528[0m                                self.figure.dpi, metadata=metadata)

[1;32m/usr/lib/python2.7/contextlib.pyc[0m in [0;36m__enter__[1;34m(self)[0m
[0;32m     15[0m     [1;32mdef[0m [0m__enter__[0m[1;33m([0m[0mself[0m[1;33m)[0m[1;33m:[0m[1;33m[0m[0m
[0;32m     16[0m         [1;32mtry[0m[1;33m:[0m[1;33m[0m[0m
[1;32m---> 17[1;33m             [1;32mreturn[0m [0mself[0m[1;33m.[0m[0mgen[0m[1;33m.[0m[0mnext[0m[1;33m([0m[1;33m)[0m[1;33m[0m[0m
[0m[0;32m     18[0m         [1;32mexcept[0m [0mStopIteration[0m[1;33m:[0m[1;33m[0m[0m
[0;32m     19[0m             [1;32mraise[0m [0mRuntimeError[0m[1;33m([0m[1;34m"generator didn't yield"[0m[1;33m)[0m[1;33m[0m[0m

[1;32m/usr/lib/python2.7/site-packages/matplotlib/cbook/__init__.pyc[0m in [0;36mopen_file_cm[1;34m(path_or_file, mode, encoding)[0m
[0;32m    622[0m [1;32mdef[0m [0mopen_file_cm[0m[1;33m([0m[0mpath_or_file[0m[1;33m,[0m [0mmode[0m[1;33m=[0m[1;34m"r"[0m[1;33m,[0m [0mencoding[0m[1;33m=[0m[0mNone[0m[1;33m)[0m[1;33m:[0m[1;33m[0m[0m
[0;32m    623[0m     [1;34mr"""Pass through file objects and context-manage `.PathLike`\s."""[0m[1;33m[0m[0m
[1;32m--> 624[1;33m     [0mfh[0m[1;33m,[0m [0mopened[0m [1;33m=[0m [0mto_filehandle[0m[1;33m([0m[0mpath_or_file[0m[1;33m,[0m [0mmode[0m[1;33m,[0m [0mTrue[0m[1;33m,[0m [0mencoding[0m[1;33m)[0m[1;33m[0m[0m
[0m[0;32m    625[0m     [1;32mif[0m [0mopened[0m[1;33m:[0m[1;33m[0m[0m
[0;32m    626[0m         [1;32mwith[0m [0mfh[0m[1;33m:[0m[1;33m[0m[0m

[1;32m/usr/lib/python2.7/site-packages/matplotlib/cbook/__init__.pyc[0m in [0;36mto_filehandle[1;34m(fname, flag, return_opened, encoding)[0m
[0;32m    607[0m             [0mfh[0m [1;33m=[0m [0mbz2[0m[1;33m.[0m[0mBZ2File[0m[1;33m([0m[0mfname[0m[1;33m,[0m [0mflag[0m[1;33m)[0m[1;33m[0m[0m
[0;32m    608[0m         [1;32melse[0m[1;33m:[0m[1;33m[0m[0m
[1;32m--> 609[1;33m             [0mfh[0m [1;33m=[0m [0mio[0m[1;33m.[0m[0mopen[0m[1;33m([0m[0mfname[0m[1;33m,[0m [0mflag[0m[1;33m,[0m [0mencoding[0m[1;33m=[0m[0mencoding[0m[1;33m)[0m[1;33m[0m[0m
[0m[0;32m    610[0m         [0mopened[0m [1;33m=[0m [0mTrue[0m[1;33m[0m[0m
[0;32m    611[0m     [1;32melif[0m [0mhasattr[0m[1;33m([0m[0mfname[0m[1;33m,[0m [1;34m'seek'[0m[1;33m)[0m[1;33m:[0m[1;33m[0m[0m

[1;31mIOError[0m: [Errno 2] No such file or directory: '/group_workspaces/jasmin2/asci/rhawker/ICED_b933_case/Atkinson2013/um/netcdf_summary_files/cirrus_and_anvil/cloud_check/00100005_10eminus6_cloud_check_low_mid_high.png'
/usr/lib/python2.7/site-packages/matplotlib/ticker.py:1852: UserWarning: Steps argument should be a sequence of numbers
increasing from 1 to 10, inclusive. Behavior with
values outside this range is undefined, and will
raise a ValueError in future versions of mpl.
  warnings.warn('Steps argument should be a sequence of numbers\n'
/usr/lib/python2.7/site-packages/iris/fileformats/rules.py:334: UserWarning: Unable to create instance of HybridHeightFactory. The source data contains no field(s) for 'orography'.
  warnings.warn(msg.format(factory=factory_name))
/usr/lib/python2.7/site-packages/matplotlib/contour.py:1480: UserWarning: Warning: converting a masked element to nan.
  self.zmax = float(z.max())
/usr/lib/python2.7/site-packages/matplotlib/contour.py:1481: UserWarning: Warning: converting a masked element to nan.
  self.zmin = float(z.min())
[?1034hheight calculated from potential_temperature cube
/group_workspaces/jasmin2/asci/rhawker/ICED_b933_case/Cooper1986/um/Cooper1986_pc00100005.pp
/group_workspaces/jasmin2/asci/rhawker/ICED_b933_case/Cooper1986/um/Cooper1986_pc00110005.pp
/group_workspaces/jasmin2/asci/rhawker/ICED_b933_case/Cooper1986/um/Cooper1986_pc00120005.pp
/group_workspaces/jasmin2/asci/rhawker/ICED_b933_case/Cooper1986/um/Cooper1986_pc00130005.pp
/group_workspaces/jasmin2/asci/rhawker/ICED_b933_case/Cooper1986/um/Cooper1986_pc00140005.pp
/group_workspaces/jasmin2/asci/rhawker/ICED_b933_case/Cooper1986/um/Cooper1986_pc00150005.pp
/group_workspaces/jasmin2/asci/rhawker/ICED_b933_case/Cooper1986/um/Cooper1986_pc00160005.pp
/group_workspaces/jasmin2/asci/rhawker/ICED_b933_case/Cooper1986/um/Cooper1986_pc00170005.pp
/group_workspaces/jasmin2/asci/rhawker/ICED_b933_case/Cooper1986/um/Cooper1986_pc00180005.pp
/group_workspaces/jasmin2/asci/rhawker/ICED_b933_case/Cooper1986/um/Cooper1986_pc00190005.pp
/group_workspaces/jasmin2/asci/rhawker/ICED_b933_case/Cooper1986/um/Cooper1986_pc00200005.pp
/group_workspaces/jasmin2/asci/rhawker/ICED_b933_case/Cooper1986/um/Cooper1986_pc00210005.pp
/group_workspaces/jasmin2/asci/rhawker/ICED_b933_case/Cooper1986/um/Cooper1986_pc00220005.pp
/group_workspaces/jasmin2/asci/rhawker/ICED_b933_case/Cooper1986/um/Cooper1986_pc00230005.pp
height calculated from potential_temperature cube
/group_workspaces/jasmin2/asci/rhawker/ICED_b933_case/Meyers1992/um/Meyers1992_pc00100005.pp
/group_workspaces/jasmin2/asci/rhawker/ICED_b933_case/Meyers1992/um/Meyers1992_pc00110005.pp
/group_workspaces/jasmin2/asci/rhawker/ICED_b933_case/Meyers1992/um/Meyers1992_pc00120005.pp
/group_workspaces/jasmin2/asci/rhawker/ICED_b933_case/Meyers1992/um/Meyers1992_pc00130005.pp
/group_workspaces/jasmin2/asci/rhawker/ICED_b933_case/Meyers1992/um/Meyers1992_pc00140005.pp
/group_workspaces/jasmin2/asci/rhawker/ICED_b933_case/Meyers1992/um/Meyers1992_pc00150005.pp
/group_workspaces/jasmin2/asci/rhawker/ICED_b933_case/Meyers1992/um/Meyers1992_pc00160005.pp
/group_workspaces/jasmin2/asci/rhawker/ICED_b933_case/Meyers1992/um/Meyers1992_pc00170005.pp
/group_workspaces/jasmin2/asci/rhawker/ICED_b933_case/Meyers1992/um/Meyers1992_pc00180005.pp
/group_workspaces/jasmin2/asci/rhawker/ICED_b933_case/Meyers1992/um/Meyers1992_pc00190005.pp
/group_workspaces/jasmin2/asci/rhawker/ICED_b933_case/Meyers1992/um/Meyers1992_pc00200005.pp
/group_workspaces/jasmin2/asci/rhawker/ICED_b933_case/Meyers1992/um/Meyers1992_pc00210005.pp
/group_workspaces/jasmin2/asci/rhawker/ICED_b933_case/Meyers1992/um/Meyers1992_pc00220005.pp
/group_workspaces/jasmin2/asci/rhawker/ICED_b933_case/Meyers1992/um/Meyers1992_pc00230005.pp
height calculated from potential_temperature cube
/group_workspaces/jasmin2/asci/rhawker/ICED_b933_case/DeMott2010/um/DeMott2010_pc00100005.pp
/group_workspaces/jasmin2/asci/rhawker/ICED_b933_case/DeMott2010/um/DeMott2010_pc00110005.pp
/group_workspaces/jasmin2/asci/rhawker/ICED_b933_case/DeMott2010/um/DeMott2010_pc00120005.pp
/group_workspaces/jasmin2/asci/rhawker/ICED_b933_case/DeMott2010/um/DeMott2010_pc00130005.pp
/group_workspaces/jasmin2/asci/rhawker/ICED_b933_case/DeMott2010/um/DeMott2010_pc00140005.pp
/group_workspaces/jasmin2/asci/rhawker/ICED_b933_case/DeMott2010/um/DeMott2010_pc00150005.pp
/group_workspaces/jasmin2/asci/rhawker/ICED_b933_case/DeMott2010/um/DeMott2010_pc00160005.pp
/group_workspaces/jasmin2/asci/rhawker/ICED_b933_case/DeMott2010/um/DeMott2010_pc00170005.pp
/group_workspaces/jasmin2/asci/rhawker/ICED_b933_case/DeMott2010/um/DeMott2010_pc00180005.pp
/group_workspaces/jasmin2/asci/rhawker/ICED_b933_case/DeMott2010/um/DeMott2010_pc00190005.pp
/group_workspaces/jasmin2/asci/rhawker/ICED_b933_case/DeMott2010/um/DeMott2010_pc00200005.pp
/group_workspaces/jasmin2/asci/rhawker/ICED_b933_case/DeMott2010/um/DeMott2010_pc00210005.pp
/group_workspaces/jasmin2/asci/rhawker/ICED_b933_case/DeMott2010/um/DeMott2010_pc00220005.pp
/group_workspaces/jasmin2/asci/rhawker/ICED_b933_case/DeMott2010/um/DeMott2010_pc00230005.pp
height calculated from potential_temperature cube
/group_workspaces/jasmin2/asci/rhawker/ICED_b933_case/Niemand2012/um/Niemand2012_pc00100005.pp
/group_workspaces/jasmin2/asci/rhawker/ICED_b933_case/Niemand2012/um/Niemand2012_pc00110005.pp
/group_workspaces/jasmin2/asci/rhawker/ICED_b933_case/Niemand2012/um/Niemand2012_pc00120005.pp
/group_workspaces/jasmin2/asci/rhawker/ICED_b933_case/Niemand2012/um/Niemand2012_pc00130005.pp
/group_workspaces/jasmin2/asci/rhawker/ICED_b933_case/Niemand2012/um/Niemand2012_pc00140005.pp
/group_workspaces/jasmin2/asci/rhawker/ICED_b933_case/Niemand2012/um/Niemand2012_pc00150005.pp
/group_workspaces/jasmin2/asci/rhawker/ICED_b933_case/Niemand2012/um/Niemand2012_pc00160005.pp
/group_workspaces/jasmin2/asci/rhawker/ICED_b933_case/Niemand2012/um/Niemand2012_pc00170005.pp
/group_workspaces/jasmin2/asci/rhawker/ICED_b933_case/Niemand2012/um/Niemand2012_pc00180005.pp
/group_workspaces/jasmin2/asci/rhawker/ICED_b933_case/Niemand2012/um/Niemand2012_pc00190005.pp
/group_workspaces/jasmin2/asci/rhawker/ICED_b933_case/Niemand2012/um/Niemand2012_pc00200005.pp
/group_workspaces/jasmin2/asci/rhawker/ICED_b933_case/Niemand2012/um/Niemand2012_pc00210005.pp
/group_workspaces/jasmin2/asci/rhawker/ICED_b933_case/Niemand2012/um/Niemand2012_pc00220005.pp
/group_workspaces/jasmin2/asci/rhawker/ICED_b933_case/Niemand2012/um/Niemand2012_pc00230005.pp
height calculated from potential_temperature cube
/group_workspaces/jasmin2/asci/rhawker/ICED_b933_case/Atkinson2013/um/Atkinson2013_pc00100005.pp
[1;31m---------------------------------------------------------------------------[0m
[1;31mIOError[0m                                   Traceback (most recent call last)
[1;32m/home/users/rhawker/ICED_CASIM_master_scripts/cirrus_and_anvil/check_clouds.py[0m in [0;36m<module>[1;34m()[0m
[0;32m    219[0m [1;32mfor[0m [0mdp[0m [1;32min[0m [0mrange[0m[1;33m([0m[1;36m0[0m[1;33m,[0m[0mlen[0m[1;33m([0m[0mdata_paths[0m[1;33m)[0m[1;33m)[0m[1;33m:[0m[1;33m[0m[0m
[0;32m    220[0m     [0mdata_path[0m [1;33m=[0m [0mdata_paths[0m[1;33m[[0m[0mdp[0m[1;33m][0m[1;33m[0m[0m
[1;32m--> 221[1;33m     [0mcloud_fraction_by_levels[0m[1;33m([0m[0mdata_path[0m[1;33m)[0m[1;33m[0m[0m
[0m
[1;32m/home/users/rhawker/ICED_CASIM_master_scripts/cirrus_and_anvil/check_clouds.py[0m in [0;36mcloud_fraction_by_levels[1;34m(data_path)[0m
[0;32m    213[0m         [0maxh[0m[1;33m.[0m[0mcontourf[0m[1;33m([0m[0mhigh_cloud_WP[0m[1;33m)[0m[1;33m[0m[0m
[0;32m    214[0m         [0maxt[0m[1;33m.[0m[0mcontourf[0m[1;33m([0m[0mtotal_WP[0m[1;33m)[0m[1;33m[0m[0m
[1;32m--> 215[1;33m         [0mplt[0m[1;33m.[0m[0msavefig[0m[1;33m([0m[0mfig_dir[0m[1;33m+[0m[0mdate[0m[1;33m+[0m[1;34m'_'[0m[1;33m+[0m[0mcloud_lim_name[0m[1;33m+[0m[1;34m'_cloud_check_low_mid_high.png'[0m[1;33m)[0m[1;33m[0m[0m
[0m[0;32m    216[0m         [0mplt[0m[1;33m.[0m[0mclose[0m[1;33m([0m[1;33m)[0m[1;33m[0m[0m
[0;32m    217[0m [0mdata_paths[0m [1;33m=[0m [0mrl[0m[1;33m.[0m[0mdata_paths[0m[1;33m[0m[0m

[1;32m/usr/lib/python2.7/site-packages/matplotlib/pyplot.pyc[0m in [0;36msavefig[1;34m(*args, **kwargs)[0m
[0;32m    708[0m [1;32mdef[0m [0msavefig[0m[1;33m([0m[1;33m*[0m[0margs[0m[1;33m,[0m [1;33m**[0m[0mkwargs[0m[1;33m)[0m[1;33m:[0m[1;33m[0m[0m
[0;32m    709[0m     [0mfig[0m [1;33m=[0m [0mgcf[0m[1;33m([0m[1;33m)[0m[1;33m[0m[0m
[1;32m--> 710[1;33m     [0mres[0m [1;33m=[0m [0mfig[0m[1;33m.[0m[0msavefig[0m[1;33m([0m[1;33m*[0m[0margs[0m[1;33m,[0m [1;33m**[0m[0mkwargs[0m[1;33m)[0m[1;33m[0m[0m
[0m[0;32m    711[0m     [0mfig[0m[1;33m.[0m[0mcanvas[0m[1;33m.[0m[0mdraw_idle[0m[1;33m([0m[1;33m)[0m   [1;31m# need this if 'transparent=True' to reset colors[0m[1;33m[0m[0m
[0;32m    712[0m     [1;32mreturn[0m [0mres[0m[1;33m[0m[0m

[1;32m/usr/lib/python2.7/site-packages/matplotlib/figure.pyc[0m in [0;36msavefig[1;34m(self, fname, **kwargs)[0m
[0;32m   2033[0m             [0mself[0m[1;33m.[0m[0mset_frameon[0m[1;33m([0m[0mframeon[0m[1;33m)[0m[1;33m[0m[0m
[0;32m   2034[0m [1;33m[0m[0m
[1;32m-> 2035[1;33m         [0mself[0m[1;33m.[0m[0mcanvas[0m[1;33m.[0m[0mprint_figure[0m[1;33m([0m[0mfname[0m[1;33m,[0m [1;33m**[0m[0mkwargs[0m[1;33m)[0m[1;33m[0m[0m
[0m[0;32m   2036[0m [1;33m[0m[0m
[0;32m   2037[0m         [1;32mif[0m [0mframeon[0m[1;33m:[0m[1;33m[0m[0m

[1;32m/usr/lib/python2.7/site-packages/matplotlib/backends/backend_qt5agg.pyc[0m in [0;36mprint_figure[1;34m(self, *args, **kwargs)[0m
[0;32m     92[0m [1;33m[0m[0m
[0;32m     93[0m     [1;32mdef[0m [0mprint_figure[0m[1;33m([0m[0mself[0m[1;33m,[0m [1;33m*[0m[0margs[0m[1;33m,[0m [1;33m**[0m[0mkwargs[0m[1;33m)[0m[1;33m:[0m[1;33m[0m[0m
[1;32m---> 94[1;33m         [0msuper[0m[1;33m([0m[0mFigureCanvasQTAgg[0m[1;33m,[0m [0mself[0m[1;33m)[0m[1;33m.[0m[0mprint_figure[0m[1;33m([0m[1;33m*[0m[0margs[0m[1;33m,[0m [1;33m**[0m[0mkwargs[0m[1;33m)[0m[1;33m[0m[0m
[0m[0;32m     95[0m         [0mself[0m[1;33m.[0m[0mdraw[0m[1;33m([0m[1;33m)[0m[1;33m[0m[0m
[0;32m     96[0m [1;33m[0m[0m

[1;32m/usr/lib/python2.7/site-packages/matplotlib/backend_bases.pyc[0m in [0;36mprint_figure[1;34m(self, filename, dpi, facecolor, edgecolor, orientation, format, **kwargs)[0m
[0;32m   2261[0m                 [0morientation[0m[1;33m=[0m[0morientation[0m[1;33m,[0m[1;33m[0m[0m
[0;32m   2262[0m                 [0mbbox_inches_restore[0m[1;33m=[0m[0m_bbox_inches_restore[0m[1;33m,[0m[1;33m[0m[0m
[1;32m-> 2263[1;33m                 **kwargs)
[0m[0;32m   2264[0m         [1;32mfinally[0m[1;33m:[0m[1;33m[0m[0m
[0;32m   2265[0m             [1;32mif[0m [0mbbox_inches[0m [1;32mand[0m [0mrestore_bbox[0m[1;33m:[0m[1;33m[0m[0m

[1;32m/usr/lib/python2.7/site-packages/matplotlib/backends/backend_agg.pyc[0m in [0;36mprint_png[1;34m(self, filename_or_obj, *args, **kwargs)[0m
[0;32m    524[0m [1;33m[0m[0m
[0;32m    525[0m         [1;32mtry[0m[1;33m:[0m[1;33m[0m[0m
[1;32m--> 526[1;33m             [1;32mwith[0m [0mcbook[0m[1;33m.[0m[0mopen_file_cm[0m[1;33m([0m[0mfilename_or_obj[0m[1;33m,[0m [1;34m"wb"[0m[1;33m)[0m [1;32mas[0m [0mfh[0m[1;33m:[0m[1;33m[0m[0m
[0m[0;32m    527[0m                 _png.write_png(renderer._renderer, fh,
[0;32m    528[0m                                self.figure.dpi, metadata=metadata)

[1;32m/usr/lib/python2.7/contextlib.pyc[0m in [0;36m__enter__[1;34m(self)[0m
[0;32m     15[0m     [1;32mdef[0m [0m__enter__[0m[1;33m([0m[0mself[0m[1;33m)[0m[1;33m:[0m[1;33m[0m[0m
[0;32m     16[0m         [1;32mtry[0m[1;33m:[0m[1;33m[0m[0m
[1;32m---> 17[1;33m             [1;32mreturn[0m [0mself[0m[1;33m.[0m[0mgen[0m[1;33m.[0m[0mnext[0m[1;33m([0m[1;33m)[0m[1;33m[0m[0m
[0m[0;32m     18[0m         [1;32mexcept[0m [0mStopIteration[0m[1;33m:[0m[1;33m[0m[0m
[0;32m     19[0m             [1;32mraise[0m [0mRuntimeError[0m[1;33m([0m[1;34m"generator didn't yield"[0m[1;33m)[0m[1;33m[0m[0m

[1;32m/usr/lib/python2.7/site-packages/matplotlib/cbook/__init__.pyc[0m in [0;36mopen_file_cm[1;34m(path_or_file, mode, encoding)[0m
[0;32m    622[0m [1;32mdef[0m [0mopen_file_cm[0m[1;33m([0m[0mpath_or_file[0m[1;33m,[0m [0mmode[0m[1;33m=[0m[1;34m"r"[0m[1;33m,[0m [0mencoding[0m[1;33m=[0m[0mNone[0m[1;33m)[0m[1;33m:[0m[1;33m[0m[0m
[0;32m    623[0m     [1;34mr"""Pass through file objects and context-manage `.PathLike`\s."""[0m[1;33m[0m[0m
[1;32m--> 624[1;33m     [0mfh[0m[1;33m,[0m [0mopened[0m [1;33m=[0m [0mto_filehandle[0m[1;33m([0m[0mpath_or_file[0m[1;33m,[0m [0mmode[0m[1;33m,[0m [0mTrue[0m[1;33m,[0m [0mencoding[0m[1;33m)[0m[1;33m[0m[0m
[0m[0;32m    625[0m     [1;32mif[0m [0mopened[0m[1;33m:[0m[1;33m[0m[0m
[0;32m    626[0m         [1;32mwith[0m [0mfh[0m[1;33m:[0m[1;33m[0m[0m

[1;32m/usr/lib/python2.7/site-packages/matplotlib/cbook/__init__.pyc[0m in [0;36mto_filehandle[1;34m(fname, flag, return_opened, encoding)[0m
[0;32m    607[0m             [0mfh[0m [1;33m=[0m [0mbz2[0m[1;33m.[0m[0mBZ2File[0m[1;33m([0m[0mfname[0m[1;33m,[0m [0mflag[0m[1;33m)[0m[1;33m[0m[0m
[0;32m    608[0m         [1;32melse[0m[1;33m:[0m[1;33m[0m[0m
[1;32m--> 609[1;33m             [0mfh[0m [1;33m=[0m [0mio[0m[1;33m.[0m[0mopen[0m[1;33m([0m[0mfname[0m[1;33m,[0m [0mflag[0m[1;33m,[0m [0mencoding[0m[1;33m=[0m[0mencoding[0m[1;33m)[0m[1;33m[0m[0m
[0m[0;32m    610[0m         [0mopened[0m [1;33m=[0m [0mTrue[0m[1;33m[0m[0m
[0;32m    611[0m     [1;32melif[0m [0mhasattr[0m[1;33m([0m[0mfname[0m[1;33m,[0m [1;34m'seek'[0m[1;33m)[0m[1;33m:[0m[1;33m[0m[0m

[1;31mIOError[0m: [Errno 2] No such file or directory: '/group_workspaces/jasmin2/asci/rhawker/ICED_b933_case/Atkinson2013/um/netcdf_summary_files/cirrus_and_anvil/cloud_check/00100005_40eminus4_cloud_check_low_mid_high.png'
